NetCOBOL V12.2.0                           2021年06月05日(土) 00時09分13秒  0001                                        


＊＊　指定翻訳オプション　＊＊


NOMAIN,SOURCE,MESSAGE,DLOAD,MAIN(MAIN),XREF,COPY


＊＊　確定翻訳オプション　＊＊


  ALPHAL(ALL)             DUPCHAR(EXT)          NOMAP                     RSV(ALL)                SYNC(FJ)              
  ASCOMP5(NONE)           ENCODE(SJIS,SJIS)       MESSAGE               NOSAI                     TAB(8)                
  BINARY(WORD,MLBON)    NOEQUALS                  MF(NONE)                SCS(ACP)              NOTEST                  
NOCHECK                   FILELIT(LIT)          NONAME                    SDS                     THREAD(SINGLE)        
NOCONF                    FLAG(I)                 NCW(STD)              NOSHREXT                NOTRACE                 
  CONVCHAR(ICONV)       NOFLAGSW                  NSP                     SMSIZE(0)             NOTRUNC                 
  COPY(FULL)            NOINITVALUE               NSPCOMP(NSP)            SOURCE(1)               XREF(FULL)            
NOCOUNT                   LANGLVL(85)           NONUMBER                  SQLGRP                  ZWB                   
  CREATE(OBJ)             LINECOUNT(0)            OBJECT                  SRF(VAR,VAR)                                  
  CURRENCY(\)             LINESIZE(0)           NOOPTIMIZE                SSIN(SYSIN)                                   
  DLOAD                 NOLIST                    QUOTE                   SSOUT(SYSOUT)                                 
NODNTB                    MAIN(MAIN)              RCS(ACP)                STD1(JIS2)                                    


＊＊　ＣＯＰＹ情報　＊＊


   修飾値      行番号  原文名


        1          18  VFILE                                                                                            
        2          22  FFILE                                                                                            


     行番号 一連番号 A   B


          1   000010 IDENTIFICATION   DIVISION.
          2   000020 PROGRAM-ID.      FILEW.
          3   000030 
          4   000040 ENVIRONMENT      DIVISION.
          5   000050 INPUT-OUTPUT     SECTION.
          6   000060 FILE-CONTROL.
          7   000070     SELECT  V-OTFILE  ASSIGN TO     VFILE
          8   000080             ORGANIZATION  IS    SEQUENTIAL.
          9   000090     SELECT  F-OTFILE  ASSIGN TO     FFILE
         10   000100             ORGANIZATION  IS    SEQUENTIAL.
         11   000110 
         12   000120 DATA             DIVISION.
         13   000130 FILE             SECTION.
         14   000140 FD      V-OTFILE
         15   000150         RECORD    IS  VARYING IN SIZE
         16   000160         DEPENDING ON  V-LL.
         17   000170 01      V-REC01.
         18   000171     COPY  VFILE.
        1-1 C       * VFILE.CBL
        1-2 C       *
        1-3 C            07  VFILE.
        1-4 C              09  NUM1                         PIC  9(04).
        1-5 C              09  REC-DATA                     PIC  X(72).
        1-6 C              09  NUM2                         PIC  ZZZ9.
        1-7 C              09  SPACK                        PIC  S9(01) COMP-3.
        1-8 C              09  UPACK                        PIC   9(01) COMP-3.
        1-9 C              09  SZONE                        PIC  S9(02).
       1-10 C              09  UZONE                        PIC   9(02).
       1-11 C              09  NCH                          PIC   N(05).
       1-12 C              09  SHUDAN.
       1-13 C                11  GROUP-1                    PIC  X(01).
       1-14 C              09  SHUDAN2.
       1-15 C                11  COMP0                      PIC  S9(04) COMP.
       1-16 C                11  COMP3                      PIC  S9(04) COMP-3.
       1-17 C                11  COMP5                      PIC  S9(04) COMP-5.
       1-18 C                11  BIN                        PIC  S9(04) BINARY.
       1-19 C              09  FILLER                       PIC  X(4096).
         19   000220 
         20   000230 FD      F-OTFILE.
         21   000240 01      F-REC01.
         22   000250     COPY  FFILE.
        2-1 C       * FFILE.CBL
        2-2 C       *
        2-3 C            07  VFILE.
        2-4 C              09  NUM1                         PIC  9(04).
        2-5 C              09  REC-DATA                     PIC  X(72).
        2-6 C              09  NUM2                         PIC  ZZZ9.
         23   000280 
         24   000290 WORKING-STORAGE  SECTION.
         25   000300 
         26   000310 01     WORK-A.
         27   000320   03   V-LL            PIC     9(04)   COMP.
         28   000330   03   II              PIC     9(04)   COMP.
         29   000340   03   N-RECORD        PIC     9(04)   COMP  VALUE  10.
         30   000350   03   ISEOF           PIC     9(04)   COMP.
         31   000360 
         32   000370 01     WORK-B.
         33   000380   03   FILLER   PIC  X(36)  VALUE  '0123456789ABCDEFGHIJKLMNOPQRSTUVWXYZ'.
         34   000390   03   FILLER   PIC  X(26)  VALUE  'abcdefghijklmnopqrstuvwxyz'.
         35   000400   03   FILLER   PIC  X(4096) VALUE SPACE.
         36   000410 
         37   000420 PROCEDURE        DIVISION.
         38   000430 MAIN             SECTION.
         39   000440     PERFORM  V-SEC-W.
         40   000450     PERFORM  F-SEC-W.
         41   000460     EXIT PROGRAM.
         42   000470 MAIN-EX.
         43   000480/
         44   000490 V-SEC-W  SECTION.
         45   000500 
         46   000510     OPEN  OUTPUT  V-OTFILE.
         47   000520 
         48   000530     PERFORM TEST BEFORE VARYING  II
         49   000540       FROM  1  BY  1  UNTIL II  >  N-RECORD
         50   000550       MOVE  II         TO    V-LL
         51   000560       MOVE  II         TO    NUM1  OF  V-REC01
         52   000570       MOVE  II         TO    NUM2  OF  V-REC01
         53   000580       MOVE  WORK-B(II:72)     TO    REC-DATA  OF  V-REC01
         54   000590       WRITE  V-REC01
         55   000600     END-PERFORM.
         56   000610 
         57   000620     CLOSE  V-OTFILE.
         58   000630 
         59   000640 V-SEC-W-EX.
         60   000650/
         61   000660 F-SEC-W  SECTION.
         62   000670 
         63   000680     OPEN  OUTPUT  F-OTFILE.
         64   000690 
         65   000700     PERFORM TEST BEFORE VARYING  II
         66   000710       FROM  1  BY  1  UNTIL II  >  N-RECORD
         67   000720       MOVE  II         TO    NUM1  OF  F-REC01
         68   000730       MOVE  II         TO    NUM2  OF  F-REC01
         69   000740       MOVE  WORK-B(II:72)     TO    REC-DATA  OF  F-REC01
         70   000750       WRITE  F-REC01
         71   000760     END-PERFORM.
         72   000770 
         73   000780     CLOSE  F-OTFILE.
         74   000790 F-SEC-W-EX.
         75   000800 
         76   000810 EXIT-PROGRAM.


     定義行　名標 　　　　　　　　　　　　　　　　属性と参照行                 A:ARGUMENT D:DATA P:PERFORM R:REFER S:SET


       1-18  BIN                            
       1-15  COMP0                          
       1-16  COMP3                          
       1-17  COMP5                          
         76  EXIT-PROGRAM                   
         20  F-OTFILE                        9D 63R 73R
         21  F-REC01                         70R
         61  F-SEC-W                         40P
         74  F-SEC-W-EX                     
          2  FILEW                          
       1-13  GROUP-1                        
         28  II                              48S 49R 50R 51R 52R 53R 65S 66R 67R 68R 69R
         30  ISEOF                          
         38  MAIN                           
         42  MAIN-EX                        
         29  N-RECORD                        49R 66R
       1-11  NCH                            
        1-4  NUM1                            51S
        2-4  NUM1                            67S
        1-6  NUM2                            52S
        2-6  NUM2                            68S
        1-5  REC-DATA                        53S
        2-5  REC-DATA                        69S
       1-12  SHUDAN                         
       1-14  SHUDAN2                        
        1-7  SPACK                          
        1-9  SZONE                          
        1-8  UPACK                          
       1-10  UZONE                          
         27  V-LL                            16D 50S
         14  V-OTFILE                        7D 46R 57R
         17  V-REC01                         54R
         44  V-SEC-W                         39P
         59  V-SEC-W-EX                     
        1-3  VFILE                          
        2-3  VFILE                          
         26  WORK-A                         
         32  WORK-B                          53R 69R


＊＊　プログラム特性リスト　＊＊

　ファイル名 = .\soc\filew.cob
　ソース名　 = FILEW
　翻訳日付　 = 2021年06月05日(土) 00時09分13秒

　　原始プログラムのレコード数　　　　　　　　　=        101 レコード
　　目的プログラムの大きさ（ＣＯＤＥサイズ）　　=       3656 バイト
　　目的プログラムの大きさ（ＤＡＴＡサイズ）　　=       8984 バイト
　　制御レベル　　　　　　　　　　　　　　　　　=       0101 レベル
　　翻訳に要した時間　　　　　　　　　　　　　　=       0.29 秒

　最大重大度コード = I
